GROUP,PACKAGE,CLASS,INSTRUCTION_MISSED,INSTRUCTION_COVERED,BRANCH_MISSED,BRANCH_COVERED,LINE_MISSED,LINE_COVERED,COMPLEXITY_MISSED,COMPLEXITY_COVERED,METHOD_MISSED,METHOD_COVERED
student-management,tn.esprit.studentmanagement.controllers,EnrollmentController,24,0,0,0,5,0,5,0,5,0
student-management,tn.esprit.studentmanagement.controllers,DepartmentController,24,0,0,0,5,0,5,0,5,0
student-management,tn.esprit.studentmanagement.controllers,StudentController,24,0,0,0,5,0,5,0,5,0
student-management,tn.esprit.studentmanagement,StudentManagementApplication,5,3,0,0,2,1,1,1,1,1
student-management,tn.esprit.studentmanagement.services,StudentService,23,3,0,0,4,1,4,1,4,1
student-management,tn.esprit.studentmanagement.services,DepartmentService,15,11,0,0,4,2,3,2,3,2
student-management,tn.esprit.studentmanagement.services,EnrollmentService,23,3,0,0,5,1,4,1,4,1
student-management,tn.esprit.studentmanagement.entities,Status,0,33,0,0,0,6,0,1,0,1
